<?xml version="1.0" encoding="UTF-8"?>
<!-- Generated by org.testng.reporters.JUnitReportReporter -->
<testsuite hostname="QT-INBG-LT0664" failures="0" tests="1" name="mobile_world.sign_up" time="12.578" errors="0" timestamp="2022-09-16T11:57:40 IST" skipped="0">
  <testcase classname="mobile_world.sign_up" name="sign" time="12.578"/>
  <system-out/>
</testsuite> <!-- mobile_world.sign_up -->
