<?xml version="1.0" encoding="UTF-8"?>
<!-- Generated by org.testng.reporters.JUnitReportReporter -->
<testsuite hostname="QT-INBG-LT0664" failures="0" tests="1" name="mobile_world.Sign_In" time="12.416" errors="0" timestamp="2022-09-19T09:27:32 IST" skipped="0">
  <testcase classname="mobile_world.Sign_In" name="sign" time="12.416"/>
  <system-out/>
</testsuite> <!-- mobile_world.Sign_In -->
