<?xml version="1.0" encoding="UTF-8"?>
<!-- Generated by org.testng.reporters.JUnitReportReporter -->
<testsuite hostname="QT-INBG-LT0664" failures="0" tests="7" name="mobile_world.All_mobiles" time="45.380" errors="0" timestamp="2022-09-19T09:16:33 IST" skipped="0">
  <testcase classname="mobile_world.All_mobiles" name="launchBrowser" time="10.860"/>
  <system-out/>
  <testcase classname="mobile_world.All_mobiles" name="allMobiles" time="3.644"/>
  <system-out/>
  <testcase classname="mobile_world.All_mobiles" name="searchLenovo" time="6.195"/>
  <system-out/>
  <testcase classname="mobile_world.All_mobiles" name="searchSamsung" time="6.182"/>
  <system-out/>
  <testcase classname="mobile_world.All_mobiles" name="wrongApple" time="6.157"/>
  <system-out/>
  <testcase classname="mobile_world.All_mobiles" name="twoCharacter" time="6.127"/>
  <system-out/>
  <testcase classname="mobile_world.All_mobiles" name="order" time="6.215"/>
  <system-out/>
</testsuite> <!-- mobile_world.All_mobiles -->
